{"asctime": "2025-04-17 15:04:07,328", "levelname": "INFO", "message": "\ud83d\ude80 Starting Flask server on http://0.0.0.0:5050"}
{"asctime": "2025-04-17 15:04:07,450", "levelname": "INFO", "message": "\ud83d\ude80 Starting Flask server on http://0.0.0.0:5050"}
{"asctime": "2025-04-17 15:06:16,910", "levelname": "INFO", "message": "\ud83d\ude80 Starting Flask server on http://0.0.0.0:5050"}
{"asctime": "2025-04-17 15:06:17,019", "levelname": "INFO", "message": "\ud83d\ude80 Starting Flask server on http://0.0.0.0:5050"}
{"asctime": "2025-04-17 15:06:40,208", "levelname": "INFO", "message": "GET request received", "endpoint": "/tasks", "method": "GET", "user_id": "dd4c406d", "timestamp": "2025-04-17T15:06:40.207720"}
{"asctime": "2025-04-17 15:07:40,659", "levelname": "INFO", "message": "POST request received", "endpoint": "/tasks", "method": "POST", "user_id": "1d0ee9ef", "timestamp": "2025-04-17T15:07:40.659733"}
{"asctime": "2025-04-17 15:07:40,661", "levelname": "INFO", "message": "New task created", "endpoint": "/tasks", "method": "POST", "user_id": "6d920d3f", "timestamp": "2025-04-17T15:07:40.661822", "task": {"id": 3, "title": "Finish this assignment", "done": false}}
{"asctime": "2025-04-17 15:07:42,734", "levelname": "INFO", "message": "GET request received", "endpoint": "/tasks", "method": "GET", "user_id": "729f54e6", "timestamp": "2025-04-17T15:07:42.734880"}
{"asctime": "2025-04-17 15:07:46,386", "levelname": "INFO", "message": "DELETE request received for task 3", "endpoint": "/tasks/3", "method": "DELETE", "user_id": "e6f55cd1", "timestamp": "2025-04-17T15:07:46.386384"}
{"asctime": "2025-04-17 15:07:46,387", "levelname": "INFO", "message": "Task 3 deleted successfully", "endpoint": "/tasks/3", "method": "DELETE", "user_id": "4cef63e7", "timestamp": "2025-04-17T15:07:46.387230"}
{"asctime": "2025-04-17 15:07:48,539", "levelname": "INFO", "message": "GET request received", "endpoint": "/tasks", "method": "GET", "user_id": "e1091225", "timestamp": "2025-04-17T15:07:48.538998"}
{"asctime": "2025-04-17 16:34:50,150", "levelname": "INFO", "message": "GET request received", "endpoint": "/tasks", "method": "GET", "user_id": "5f3e3809", "timestamp": "2025-04-17T16:34:50.149722"}
{"asctime": "2025-04-17 18:34:23,872", "levelname": "INFO", "message": "GET request received", "endpoint": "/tasks", "method": "GET", "user_id": "43d99270", "timestamp": "2025-04-17T18:34:23.871815"}
{"asctime": "2025-04-17 18:34:23,882", "levelname": "INFO", "message": "GET request received", "endpoint": "/tasks", "method": "GET", "user_id": "563fbc33", "timestamp": "2025-04-17T18:34:23.882653"}
{"asctime": "2025-04-17 18:34:23,886", "levelname": "INFO", "message": "GET request received", "endpoint": "/tasks", "method": "GET", "user_id": "52b35a3a", "timestamp": "2025-04-17T18:34:23.886638"}
{"asctime": "2025-04-17 18:34:23,889", "levelname": "INFO", "message": "GET request received", "endpoint": "/tasks", "method": "GET", "user_id": "e5b1dadc", "timestamp": "2025-04-17T18:34:23.889811"}
{"asctime": "2025-04-17 18:34:23,893", "levelname": "INFO", "message": "GET request received", "endpoint": "/tasks", "method": "GET", "user_id": "6babc732", "timestamp": "2025-04-17T18:34:23.893743"}
{"asctime": "2025-04-17 18:34:23,897", "levelname": "INFO", "message": "GET request received", "endpoint": "/tasks", "method": "GET", "user_id": "84f0f74a", "timestamp": "2025-04-17T18:34:23.897959"}
{"asctime": "2025-04-17 18:34:23,902", "levelname": "INFO", "message": "GET request received", "endpoint": "/tasks", "method": "GET", "user_id": "3c9b1ea9", "timestamp": "2025-04-17T18:34:23.902651"}
{"asctime": "2025-04-17 18:34:23,905", "levelname": "INFO", "message": "GET request received", "endpoint": "/tasks", "method": "GET", "user_id": "8ccc36ed", "timestamp": "2025-04-17T18:34:23.905656"}
{"asctime": "2025-04-17 18:34:23,908", "levelname": "INFO", "message": "GET request received", "endpoint": "/tasks", "method": "GET", "user_id": "220e384f", "timestamp": "2025-04-17T18:34:23.908565"}
{"asctime": "2025-04-17 18:34:23,911", "levelname": "INFO", "message": "GET request received", "endpoint": "/tasks", "method": "GET", "user_id": "97d91d89", "timestamp": "2025-04-17T18:34:23.911551"}
{"asctime": "2025-04-17 18:34:23,915", "levelname": "INFO", "message": "GET request received", "endpoint": "/tasks", "method": "GET", "user_id": "d9ac69f5", "timestamp": "2025-04-17T18:34:23.915295"}
{"asctime": "2025-04-17 18:34:23,918", "levelname": "INFO", "message": "GET request received", "endpoint": "/tasks", "method": "GET", "user_id": "b54c7e95", "timestamp": "2025-04-17T18:34:23.918130"}
{"asctime": "2025-04-17 18:34:23,920", "levelname": "INFO", "message": "GET request received", "endpoint": "/tasks", "method": "GET", "user_id": "cf1e0ca6", "timestamp": "2025-04-17T18:34:23.920875"}
{"asctime": "2025-04-17 18:34:23,923", "levelname": "INFO", "message": "GET request received", "endpoint": "/tasks", "method": "GET", "user_id": "f5d82543", "timestamp": "2025-04-17T18:34:23.923500"}
{"asctime": "2025-04-17 18:34:23,926", "levelname": "INFO", "message": "GET request received", "endpoint": "/tasks", "method": "GET", "user_id": "84307d47", "timestamp": "2025-04-17T18:34:23.926549"}
{"asctime": "2025-04-17 18:34:23,930", "levelname": "INFO", "message": "GET request received", "endpoint": "/tasks", "method": "GET", "user_id": "6ca622ae", "timestamp": "2025-04-17T18:34:23.930357"}
{"asctime": "2025-04-17 18:34:23,933", "levelname": "INFO", "message": "GET request received", "endpoint": "/tasks", "method": "GET", "user_id": "19e45c9f", "timestamp": "2025-04-17T18:34:23.933201"}
{"asctime": "2025-04-17 18:34:23,935", "levelname": "INFO", "message": "GET request received", "endpoint": "/tasks", "method": "GET", "user_id": "c8be423f", "timestamp": "2025-04-17T18:34:23.935846"}
{"asctime": "2025-04-17 18:34:23,938", "levelname": "INFO", "message": "GET request received", "endpoint": "/tasks", "method": "GET", "user_id": "548476ed", "timestamp": "2025-04-17T18:34:23.938374"}
{"asctime": "2025-04-17 18:34:23,940", "levelname": "INFO", "message": "GET request received", "endpoint": "/tasks", "method": "GET", "user_id": "18f20da3", "timestamp": "2025-04-17T18:34:23.940832"}
{"asctime": "2025-04-17 18:34:23,943", "levelname": "INFO", "message": "GET request received", "endpoint": "/tasks", "method": "GET", "user_id": "92a4c00e", "timestamp": "2025-04-17T18:34:23.943685"}
{"asctime": "2025-04-17 18:34:23,946", "levelname": "INFO", "message": "GET request received", "endpoint": "/tasks", "method": "GET", "user_id": "1a3d7d84", "timestamp": "2025-04-17T18:34:23.946005"}
{"asctime": "2025-04-17 18:34:23,948", "levelname": "INFO", "message": "GET request received", "endpoint": "/tasks", "method": "GET", "user_id": "91cec732", "timestamp": "2025-04-17T18:34:23.948551"}
{"asctime": "2025-04-17 18:34:23,951", "levelname": "INFO", "message": "GET request received", "endpoint": "/tasks", "method": "GET", "user_id": "f8020185", "timestamp": "2025-04-17T18:34:23.951613"}
{"asctime": "2025-04-17 18:34:23,954", "levelname": "INFO", "message": "GET request received", "endpoint": "/tasks", "method": "GET", "user_id": "4ba89bae", "timestamp": "2025-04-17T18:34:23.954238"}
{"asctime": "2025-04-17 18:34:23,956", "levelname": "INFO", "message": "GET request received", "endpoint": "/tasks", "method": "GET", "user_id": "efedf8f9", "timestamp": "2025-04-17T18:34:23.956887"}
{"asctime": "2025-04-17 18:34:23,959", "levelname": "INFO", "message": "GET request received", "endpoint": "/tasks", "method": "GET", "user_id": "d6c54516", "timestamp": "2025-04-17T18:34:23.959037"}
{"asctime": "2025-04-17 18:34:23,961", "levelname": "INFO", "message": "GET request received", "endpoint": "/tasks", "method": "GET", "user_id": "0a9fdc27", "timestamp": "2025-04-17T18:34:23.961556"}
{"asctime": "2025-04-17 18:34:23,964", "levelname": "INFO", "message": "GET request received", "endpoint": "/tasks", "method": "GET", "user_id": "3f976bf9", "timestamp": "2025-04-17T18:34:23.964314"}
{"asctime": "2025-04-17 18:34:23,970", "levelname": "INFO", "message": "GET request received", "endpoint": "/tasks", "method": "GET", "user_id": "a963cc45", "timestamp": "2025-04-17T18:34:23.970895"}
{"asctime": "2025-04-17 18:34:23,974", "levelname": "INFO", "message": "GET request received", "endpoint": "/tasks", "method": "GET", "user_id": "134fbab8", "timestamp": "2025-04-17T18:34:23.974739"}
{"asctime": "2025-04-17 18:34:23,976", "levelname": "INFO", "message": "GET request received", "endpoint": "/tasks", "method": "GET", "user_id": "f6029a82", "timestamp": "2025-04-17T18:34:23.976920"}
{"asctime": "2025-04-17 18:34:23,979", "levelname": "INFO", "message": "GET request received", "endpoint": "/tasks", "method": "GET", "user_id": "c600f16f", "timestamp": "2025-04-17T18:34:23.979577"}
{"asctime": "2025-04-17 18:34:23,981", "levelname": "INFO", "message": "GET request received", "endpoint": "/tasks", "method": "GET", "user_id": "245f3a92", "timestamp": "2025-04-17T18:34:23.981508"}
{"asctime": "2025-04-17 18:34:23,983", "levelname": "INFO", "message": "GET request received", "endpoint": "/tasks", "method": "GET", "user_id": "77b362ea", "timestamp": "2025-04-17T18:34:23.983961"}
{"asctime": "2025-04-17 18:34:23,986", "levelname": "INFO", "message": "GET request received", "endpoint": "/tasks", "method": "GET", "user_id": "b9f93e24", "timestamp": "2025-04-17T18:34:23.986203"}
{"asctime": "2025-04-17 18:34:23,988", "levelname": "INFO", "message": "GET request received", "endpoint": "/tasks", "method": "GET", "user_id": "4c762baf", "timestamp": "2025-04-17T18:34:23.988704"}
{"asctime": "2025-04-17 18:34:23,990", "levelname": "INFO", "message": "GET request received", "endpoint": "/tasks", "method": "GET", "user_id": "d3cba9de", "timestamp": "2025-04-17T18:34:23.990472"}
{"asctime": "2025-04-17 18:34:23,992", "levelname": "INFO", "message": "GET request received", "endpoint": "/tasks", "method": "GET", "user_id": "b95377e0", "timestamp": "2025-04-17T18:34:23.992332"}
{"asctime": "2025-04-17 18:34:23,993", "levelname": "INFO", "message": "GET request received", "endpoint": "/tasks", "method": "GET", "user_id": "d0af3d55", "timestamp": "2025-04-17T18:34:23.993990"}
{"asctime": "2025-04-17 18:34:23,996", "levelname": "INFO", "message": "GET request received", "endpoint": "/tasks", "method": "GET", "user_id": "79c007e7", "timestamp": "2025-04-17T18:34:23.996884"}
{"asctime": "2025-04-17 18:34:23,998", "levelname": "INFO", "message": "GET request received", "endpoint": "/tasks", "method": "GET", "user_id": "6c9e6bb9", "timestamp": "2025-04-17T18:34:23.998617"}
{"asctime": "2025-04-17 18:34:24,000", "levelname": "INFO", "message": "GET request received", "endpoint": "/tasks", "method": "GET", "user_id": "89daebd1", "timestamp": "2025-04-17T18:34:24.000828"}
{"asctime": "2025-04-17 18:34:24,002", "levelname": "INFO", "message": "GET request received", "endpoint": "/tasks", "method": "GET", "user_id": "e52eda5b", "timestamp": "2025-04-17T18:34:24.002742"}
{"asctime": "2025-04-17 18:34:24,004", "levelname": "INFO", "message": "GET request received", "endpoint": "/tasks", "method": "GET", "user_id": "19f7b0d0", "timestamp": "2025-04-17T18:34:24.004767"}
{"asctime": "2025-04-17 18:34:24,006", "levelname": "INFO", "message": "GET request received", "endpoint": "/tasks", "method": "GET", "user_id": "70f2b46f", "timestamp": "2025-04-17T18:34:24.006972"}
{"asctime": "2025-04-17 18:34:24,008", "levelname": "INFO", "message": "GET request received", "endpoint": "/tasks", "method": "GET", "user_id": "7cbfa207", "timestamp": "2025-04-17T18:34:24.008808"}
{"asctime": "2025-04-17 18:34:24,010", "levelname": "INFO", "message": "GET request received", "endpoint": "/tasks", "method": "GET", "user_id": "822c75b7", "timestamp": "2025-04-17T18:34:24.010340"}
{"asctime": "2025-04-17 18:34:24,012", "levelname": "INFO", "message": "GET request received", "endpoint": "/tasks", "method": "GET", "user_id": "1e0b0875", "timestamp": "2025-04-17T18:34:24.012287"}
{"asctime": "2025-04-17 18:34:24,013", "levelname": "INFO", "message": "GET request received", "endpoint": "/tasks", "method": "GET", "user_id": "eba5137e", "timestamp": "2025-04-17T18:34:24.013987"}
{"asctime": "2025-04-17 18:34:24,015", "levelname": "INFO", "message": "GET request received", "endpoint": "/tasks", "method": "GET", "user_id": "80dd8eda", "timestamp": "2025-04-17T18:34:24.015709"}
{"asctime": "2025-04-17 18:34:24,017", "levelname": "INFO", "message": "GET request received", "endpoint": "/tasks", "method": "GET", "user_id": "264403a3", "timestamp": "2025-04-17T18:34:24.017655"}
{"asctime": "2025-04-17 18:34:24,019", "levelname": "INFO", "message": "GET request received", "endpoint": "/tasks", "method": "GET", "user_id": "8f59c62f", "timestamp": "2025-04-17T18:34:24.019361"}
{"asctime": "2025-04-17 18:34:24,020", "levelname": "INFO", "message": "GET request received", "endpoint": "/tasks", "method": "GET", "user_id": "ac5cb9ab", "timestamp": "2025-04-17T18:34:24.020920"}
{"asctime": "2025-04-17 18:34:24,022", "levelname": "INFO", "message": "GET request received", "endpoint": "/tasks", "method": "GET", "user_id": "439f080c", "timestamp": "2025-04-17T18:34:24.022644"}
{"asctime": "2025-04-17 18:34:24,024", "levelname": "INFO", "message": "GET request received", "endpoint": "/tasks", "method": "GET", "user_id": "48ed9c93", "timestamp": "2025-04-17T18:34:24.024756"}
{"asctime": "2025-04-17 18:34:24,026", "levelname": "INFO", "message": "GET request received", "endpoint": "/tasks", "method": "GET", "user_id": "f3a6d852", "timestamp": "2025-04-17T18:34:24.026682"}
{"asctime": "2025-04-17 18:34:24,028", "levelname": "INFO", "message": "GET request received", "endpoint": "/tasks", "method": "GET", "user_id": "54f5da78", "timestamp": "2025-04-17T18:34:24.028576"}
{"asctime": "2025-04-17 18:34:24,030", "levelname": "INFO", "message": "GET request received", "endpoint": "/tasks", "method": "GET", "user_id": "a8005b7c", "timestamp": "2025-04-17T18:34:24.030330"}
{"asctime": "2025-04-17 18:34:24,031", "levelname": "INFO", "message": "GET request received", "endpoint": "/tasks", "method": "GET", "user_id": "ba6b9fa3", "timestamp": "2025-04-17T18:34:24.031930"}
{"asctime": "2025-04-17 18:34:24,033", "levelname": "INFO", "message": "GET request received", "endpoint": "/tasks", "method": "GET", "user_id": "f74c63e9", "timestamp": "2025-04-17T18:34:24.033786"}
{"asctime": "2025-04-17 18:34:24,035", "levelname": "INFO", "message": "GET request received", "endpoint": "/tasks", "method": "GET", "user_id": "a5d2b33e", "timestamp": "2025-04-17T18:34:24.035681"}
{"asctime": "2025-04-17 18:34:24,037", "levelname": "INFO", "message": "GET request received", "endpoint": "/tasks", "method": "GET", "user_id": "c0030b96", "timestamp": "2025-04-17T18:34:24.037483"}
{"asctime": "2025-04-17 18:34:24,038", "levelname": "INFO", "message": "GET request received", "endpoint": "/tasks", "method": "GET", "user_id": "b9e7f7a4", "timestamp": "2025-04-17T18:34:24.038946"}
{"asctime": "2025-04-17 18:34:24,040", "levelname": "INFO", "message": "GET request received", "endpoint": "/tasks", "method": "GET", "user_id": "1ea0a526", "timestamp": "2025-04-17T18:34:24.040587"}
{"asctime": "2025-04-17 18:34:24,042", "levelname": "INFO", "message": "GET request received", "endpoint": "/tasks", "method": "GET", "user_id": "67923039", "timestamp": "2025-04-17T18:34:24.042182"}
{"asctime": "2025-04-17 18:34:24,043", "levelname": "INFO", "message": "GET request received", "endpoint": "/tasks", "method": "GET", "user_id": "431a744a", "timestamp": "2025-04-17T18:34:24.043636"}
{"asctime": "2025-04-17 18:34:24,047", "levelname": "INFO", "message": "GET request received", "endpoint": "/tasks", "method": "GET", "user_id": "f3498e89", "timestamp": "2025-04-17T18:34:24.047066"}
{"asctime": "2025-04-17 18:34:24,050", "levelname": "INFO", "message": "GET request received", "endpoint": "/tasks", "method": "GET", "user_id": "e352469a", "timestamp": "2025-04-17T18:34:24.050112"}
{"asctime": "2025-04-17 18:34:24,052", "levelname": "INFO", "message": "GET request received", "endpoint": "/tasks", "method": "GET", "user_id": "892167ba", "timestamp": "2025-04-17T18:34:24.052460"}
{"asctime": "2025-04-17 18:34:24,054", "levelname": "INFO", "message": "GET request received", "endpoint": "/tasks", "method": "GET", "user_id": "6d10592a", "timestamp": "2025-04-17T18:34:24.054850"}
{"asctime": "2025-04-17 18:34:24,057", "levelname": "INFO", "message": "GET request received", "endpoint": "/tasks", "method": "GET", "user_id": "fbd94e04", "timestamp": "2025-04-17T18:34:24.057158"}
{"asctime": "2025-04-17 18:34:24,059", "levelname": "INFO", "message": "GET request received", "endpoint": "/tasks", "method": "GET", "user_id": "a7c3747d", "timestamp": "2025-04-17T18:34:24.059323"}
{"asctime": "2025-04-17 18:34:24,061", "levelname": "INFO", "message": "GET request received", "endpoint": "/tasks", "method": "GET", "user_id": "2b7ed764", "timestamp": "2025-04-17T18:34:24.061527"}
{"asctime": "2025-04-17 18:34:24,063", "levelname": "INFO", "message": "GET request received", "endpoint": "/tasks", "method": "GET", "user_id": "62892f00", "timestamp": "2025-04-17T18:34:24.063359"}
{"asctime": "2025-04-17 18:34:24,065", "levelname": "INFO", "message": "GET request received", "endpoint": "/tasks", "method": "GET", "user_id": "ebfe5ac1", "timestamp": "2025-04-17T18:34:24.065234"}
{"asctime": "2025-04-17 18:34:24,066", "levelname": "INFO", "message": "GET request received", "endpoint": "/tasks", "method": "GET", "user_id": "74a46cd8", "timestamp": "2025-04-17T18:34:24.066823"}
{"asctime": "2025-04-17 18:34:24,068", "levelname": "INFO", "message": "GET request received", "endpoint": "/tasks", "method": "GET", "user_id": "130f3196", "timestamp": "2025-04-17T18:34:24.068941"}
{"asctime": "2025-04-17 18:34:24,071", "levelname": "INFO", "message": "GET request received", "endpoint": "/tasks", "method": "GET", "user_id": "d1342683", "timestamp": "2025-04-17T18:34:24.071338"}
{"asctime": "2025-04-17 18:34:24,073", "levelname": "INFO", "message": "GET request received", "endpoint": "/tasks", "method": "GET", "user_id": "b9f60ddd", "timestamp": "2025-04-17T18:34:24.073554"}
{"asctime": "2025-04-17 18:34:24,076", "levelname": "INFO", "message": "GET request received", "endpoint": "/tasks", "method": "GET", "user_id": "ec72a152", "timestamp": "2025-04-17T18:34:24.076105"}
{"asctime": "2025-04-17 18:34:24,078", "levelname": "INFO", "message": "GET request received", "endpoint": "/tasks", "method": "GET", "user_id": "8f48191c", "timestamp": "2025-04-17T18:34:24.078327"}
{"asctime": "2025-04-17 18:34:24,080", "levelname": "INFO", "message": "GET request received", "endpoint": "/tasks", "method": "GET", "user_id": "30d2340e", "timestamp": "2025-04-17T18:34:24.080724"}
{"asctime": "2025-04-17 18:34:24,083", "levelname": "INFO", "message": "GET request received", "endpoint": "/tasks", "method": "GET", "user_id": "d5a2c138", "timestamp": "2025-04-17T18:34:24.083315"}
{"asctime": "2025-04-17 18:34:24,085", "levelname": "INFO", "message": "GET request received", "endpoint": "/tasks", "method": "GET", "user_id": "b5c64b51", "timestamp": "2025-04-17T18:34:24.085838"}
{"asctime": "2025-04-17 18:34:24,088", "levelname": "INFO", "message": "GET request received", "endpoint": "/tasks", "method": "GET", "user_id": "89634bc8", "timestamp": "2025-04-17T18:34:24.088208"}
{"asctime": "2025-04-17 18:34:24,093", "levelname": "INFO", "message": "GET request received", "endpoint": "/tasks", "method": "GET", "user_id": "08cc94bd", "timestamp": "2025-04-17T18:34:24.093246"}
{"asctime": "2025-04-17 18:34:24,096", "levelname": "INFO", "message": "GET request received", "endpoint": "/tasks", "method": "GET", "user_id": "86849ca1", "timestamp": "2025-04-17T18:34:24.096465"}
{"asctime": "2025-04-17 18:34:24,099", "levelname": "INFO", "message": "GET request received", "endpoint": "/tasks", "method": "GET", "user_id": "7d71b2e5", "timestamp": "2025-04-17T18:34:24.098991"}
{"asctime": "2025-04-17 18:34:24,102", "levelname": "INFO", "message": "GET request received", "endpoint": "/tasks", "method": "GET", "user_id": "44fb8e1e", "timestamp": "2025-04-17T18:34:24.102058"}
{"asctime": "2025-04-17 18:34:24,103", "levelname": "INFO", "message": "GET request received", "endpoint": "/tasks", "method": "GET", "user_id": "e6f8d736", "timestamp": "2025-04-17T18:34:24.103919"}
{"asctime": "2025-04-17 18:34:24,106", "levelname": "INFO", "message": "GET request received", "endpoint": "/tasks", "method": "GET", "user_id": "7461f548", "timestamp": "2025-04-17T18:34:24.106629"}
{"asctime": "2025-04-17 18:34:24,109", "levelname": "INFO", "message": "GET request received", "endpoint": "/tasks", "method": "GET", "user_id": "47563c24", "timestamp": "2025-04-17T18:34:24.109238"}
{"asctime": "2025-04-17 18:34:24,110", "levelname": "INFO", "message": "GET request received", "endpoint": "/tasks", "method": "GET", "user_id": "6659e913", "timestamp": "2025-04-17T18:34:24.110980"}
{"asctime": "2025-04-17 18:34:24,112", "levelname": "INFO", "message": "GET request received", "endpoint": "/tasks", "method": "GET", "user_id": "7526f0cc", "timestamp": "2025-04-17T18:34:24.112717"}
{"asctime": "2025-04-17 18:34:24,114", "levelname": "INFO", "message": "GET request received", "endpoint": "/tasks", "method": "GET", "user_id": "2997cdd2", "timestamp": "2025-04-17T18:34:24.114972"}
{"asctime": "2025-04-17 18:34:24,118", "levelname": "INFO", "message": "GET request received", "endpoint": "/tasks", "method": "GET", "user_id": "059bb97c", "timestamp": "2025-04-17T18:34:24.118143"}
{"asctime": "2025-04-17 18:34:24,120", "levelname": "INFO", "message": "GET request received", "endpoint": "/tasks", "method": "GET", "user_id": "732b02a7", "timestamp": "2025-04-17T18:34:24.120080"}
{"asctime": "2025-04-17 18:34:24,122", "levelname": "INFO", "message": "GET request received", "endpoint": "/tasks", "method": "GET", "user_id": "cc07973e", "timestamp": "2025-04-17T18:34:24.122310"}
{"asctime": "2025-04-17 18:34:24,125", "levelname": "INFO", "message": "GET request received", "endpoint": "/tasks", "method": "GET", "user_id": "f17989ac", "timestamp": "2025-04-17T18:34:24.125025"}
